{"balance":20,"cardCode":"633","cardNumber":"532886347","activated":false,"status":"New Card"}
New Card: 532886347[633] Balance: 20.0
Status: 200 
{"balance":20,"cardCode":"633","cardNumber":"532886347","activated":true,"status":"New Card"}
============================================
--------- D E V I C E  S T A T E  ----------
============================================
Pin Option    = 4
Stored Pin    = 1234
Authenticated = false
Orientation   = PORTRAIT
API URL       = http://34.71.177.22/api
API KEY       = kongapikey
API Register  = 1287612
============================================
Screen: starbucks.Passcode
Screen: starbucks.Spacer
Screen: starbucks.KeyPad
KeyPad Touched at (1, 5)
Key: 1
Key: 1 Count: 1
Current State: starbucks.OnePinDigit
D1 = 1
D2 = 
D3 = 
D4 = 
KeyPad Touched at (2, 5)
Key: 2
Key: 2 Count: 2
Current State: starbucks.TwoPinDigits
D1 = 1
D2 = 2
D3 = 
D4 = 
KeyPad Touched at (3, 5)
Key: 3
Key: 3 Count: 3
Current State: starbucks.ThreePinDigits
D1 = 1
D2 = 2
D3 = 3
D4 = 
KeyPad Touched at (1, 6)
Key: 4
Key: 4 Count: 4
Current State: starbucks.FourPinDigits
D1 = 1
D2 = 2
D3 = 3
D4 = 4
Authenticating...
Successful Login!
l: 10
w: 15
h: 15
DEBUG: $20.00

cnt1: 1
pad1: 4
....
DEBUG: [Ljava.lang.String;@27f981c6 1
line (before): $20.00 [len = 6]
line (after):      $20.00 [pad = 5]
cnt2: 5
pad2: 5
.....


0: ===============
1:    MyCards
2: ===============
3: 
4: 
5: 
6: 
7:      $20.00
8: 
9: 
10: 
11: 
12: 
13: 
14: ===============
15: [A][B][C][D][E]
Value: [Ljava.lang.String;@1151e434
l: 10
w: 15
h: 15
DEBUG: [532886347]


Scan Now

cnt1: 4
pad1: 3
...
DEBUG: [Ljava.lang.String;@d9345cd 4
line (before): [532886347] [len = 11]
line (after):   [532886347] [pad = 2]
line (before):  [len = 0]
line (after):          [pad = 8]
line (before):  [len = 0]
line (after):          [pad = 8]
line (before): Scan Now [len = 8]
line (after):     Scan Now [pad = 4]
cnt2: 7
pad2: 3
...


0: ===============
1:   MyCardsPay
2: ===============
3: 
4: 
5: 
6:   [532886347]
7:         
8:         
9:     Scan Now
10: 
11: 
12: 
13: 
14: ===============
15: [A][B][C][D][E]
Value: [Ljava.lang.String;@2d710f1a
{"balance":17.16,"cardCode":"633","cardNumber":"532886347","activated":true,"status":"New Card"}
l: 10
w: 15
h: 15
DEBUG: [532886347]


Scan Now

cnt1: 4
pad1: 3
...
DEBUG: [Ljava.lang.String;@59505b48 4
line (before): [532886347] [len = 11]
line (after):   [532886347] [pad = 2]
line (before):  [len = 0]
line (after):          [pad = 8]
line (before):  [len = 0]
line (after):          [pad = 8]
line (before): Scan Now [len = 8]
line (after):     Scan Now [pad = 4]
cnt2: 7
pad2: 3
...


0: ===============
1:   MyCardsPay
2: ===============
3: 
4: 
5: 
6:   [532886347]
7:         
8:         
9:     Scan Now
10: 
11: 
12: 
13: 
14: ===============
15: [A][B][C][D][E]
Value: [Ljava.lang.String;@4efac082
l: 10
w: 15
h: 15
DEBUG: $17.16

cnt1: 1
pad1: 4
....
DEBUG: [Ljava.lang.String;@6bd61f98 1
line (before): $17.16 [len = 6]
line (after):      $17.16 [pad = 5]
cnt2: 5
pad2: 5
.....


0: ===============
1:    MyCards
2: ===============
3: 
4: 
5: 
6: 
7:      $17.16
8: 
9: 
10: 
11: 
12: 
13: 
14: ===============
15: [A][B][C][D][E]
Value: [Ljava.lang.String;@48aca48b
l: 10
w: 15
h: 15
DEBUG: [532886347]


Scan Now

cnt1: 4
pad1: 3
...
DEBUG: [Ljava.lang.String;@13fd2ccd 4
line (before): [532886347] [len = 11]
line (after):   [532886347] [pad = 2]
line (before):  [len = 0]
line (after):          [pad = 8]
line (before):  [len = 0]
line (after):          [pad = 8]
line (before): Scan Now [len = 8]
line (after):     Scan Now [pad = 4]
cnt2: 7
pad2: 3
...


0: ===============
1:   MyCardsPay
2: ===============
3: 
4: 
5: 
6:   [532886347]
7:         
8:         
9:     Scan Now
10: 
11: 
12: 
13: 
14: ===============
15: [A][B][C][D][E]
Value: [Ljava.lang.String;@b9b00e0
{"balance":15.07,"cardCode":"633","cardNumber":"532886347","activated":true,"status":"New Card"}
l: 10
w: 15
h: 15
DEBUG: [532886347]


Scan Now

cnt1: 4
pad1: 3
...
DEBUG: [Ljava.lang.String;@7d4f9aae 4
line (before): [532886347] [len = 11]
line (after):   [532886347] [pad = 2]
line (before):  [len = 0]
line (after):          [pad = 8]
line (before):  [len = 0]
line (after):          [pad = 8]
line (before): Scan Now [len = 8]
line (after):     Scan Now [pad = 4]
cnt2: 7
pad2: 3
...


0: ===============
1:   MyCardsPay
2: ===============
3: 
4: 
5: 
6:   [532886347]
7:         
8:         
9:     Scan Now
10: 
11: 
12: 
13: 
14: ===============
15: [A][B][C][D][E]
Value: [Ljava.lang.String;@72e5a8e
l: 10
w: 15
h: 15
DEBUG: $15.07

cnt1: 1
pad1: 4
....
DEBUG: [Ljava.lang.String;@54e1c68b 1
line (before): $15.07 [len = 6]
line (after):      $15.07 [pad = 5]
cnt2: 5
pad2: 5
.....


0: ===============
1:    MyCards
2: ===============
3: 
4: 
5: 
6: 
7:      $15.07
8: 
9: 
10: 
11: 
12: 
13: 
14: ===============
15: [A][B][C][D][E]
